<?xml version="1.0" encoding="UTF-8"?>
<!-- Generated by org.testng.reporters.JUnitReportReporter -->
<testsuite hostname="DESKTOP-0AAQTU0" failures="0" tests="1" name="com.simplilearn.Phase5Project.LaunchApp" time="13.091" errors="0" timestamp="2023-02-10T22:19:22 EST" skipped="0">
  <testcase classname="com.simplilearn.Phase5Project.LaunchApp" name="startApp" time="13.091"/>
  <system-out/>
</testsuite> <!-- com.simplilearn.Phase5Project.LaunchApp -->
