<?xml version="1.0" encoding="UTF-8"?>
<!-- Generated by org.testng.reporters.JUnitReportReporter -->
<testsuite hostname="DESKTOP-0AAQTU0" failures="0" tests="1" name="testcases.SearchTest" time="15.967" errors="0" timestamp="2023-02-10T23:29:42 EST" skipped="0">
  <testcase classname="testcases.SearchTest" name="searchProduct" time="15.967"/>
  <system-out/>
</testsuite> <!-- testcases.SearchTest -->
